<?xml version="1.0" encoding="UTF-8"?>
<testng-results ignored="0" total="3" passed="3" failed="0" skipped="0">
  <reporter-output>
  </reporter-output>
  <suite started-at="2024-06-25T16:16:54 IST" name="Suite" finished-at="2024-06-25T16:17:23 IST" duration-ms="28593">
    <groups>
    </groups>
    <test started-at="2024-06-25T16:16:54 IST" name="Test" finished-at="2024-06-25T16:17:23 IST" duration-ms="28593">
      <class name="Com.EC.TestCase.LoginPageTestCase">
        <test-method signature="loginFunctionality()[pri:0, instance:Com.EC.TestCase.LoginPageTestCase@2f953efd]" started-at="2024-06-25T16:17:00 IST" name="loginFunctionality" finished-at="2024-06-25T16:17:23 IST" duration-ms="22853" status="PASS">
          <reporter-output>
          </reporter-output>
        </test-method> <!-- loginFunctionality -->
      </class> <!-- Com.EC.TestCase.LoginPageTestCase -->
      <class name="Com.EC.TestCase.IndexPageTestCase">
        <test-method is-config="true" signature="loadConfig()[pri:0, instance:Com.EC.TestCase.IndexPageTestCase@d23e042]" started-at="2024-06-25T16:16:54 IST" name="loadConfig" finished-at="2024-06-25T16:16:54 IST" duration-ms="19" status="PASS">
          <reporter-output>
          </reporter-output>
        </test-method> <!-- loadConfig -->
        <test-method is-config="true" signature="launchApp(java.lang.String)[pri:0, instance:Com.EC.TestCase.IndexPageTestCase@d23e042]" started-at="2024-06-25T16:16:54 IST" name="launchApp" finished-at="2024-06-25T16:16:58 IST" duration-ms="4196" status="PASS">
          <params>
            <param index="0">
              <value>
                <![CDATA[Chrome]]>
              </value>
            </param>
          </params>
          <reporter-output>
          </reporter-output>
        </test-method> <!-- launchApp -->
        <test-method signature="clickOnLoginLink()[pri:0, instance:Com.EC.TestCase.IndexPageTestCase@d23e042]" started-at="2024-06-25T16:16:58 IST" name="clickOnLoginLink" finished-at="2024-06-25T16:16:59 IST" duration-ms="1182" status="PASS">
          <reporter-output>
          </reporter-output>
        </test-method> <!-- clickOnLoginLink -->
        <test-method signature="verifyALLHyperlinkOnIndexPage()[pri:0, instance:Com.EC.TestCase.IndexPageTestCase@d23e042]" started-at="2024-06-25T16:17:00 IST" name="verifyALLHyperlinkOnIndexPage" finished-at="2024-06-25T16:17:00 IST" duration-ms="225" status="PASS">
          <reporter-output>
          </reporter-output>
        </test-method> <!-- verifyALLHyperlinkOnIndexPage -->
      </class> <!-- Com.EC.TestCase.IndexPageTestCase -->
    </test> <!-- Test -->
  </suite> <!-- Suite -->
</testng-results>
